[2018-02-07 16:38:11] console.DEBUG: Command "pimcore:install" exited with code "2" {"command":"pimcore:install","code":2} []
[2018-02-07 16:40:48] console.DEBUG: Command "pimcore:install --profile demo-basic --admin-username admin --admin-password admin --mysql-username root --mysql-password root --mysql-database pimcore --no-interaction" exited with code "2" {"command":"pimcore:install --profile demo-basic --admin-username admin --admin-password admin --mysql-username root --mysql-password root --mysql-database pimcore --no-interaction","code":2} []
[2018-02-07 16:43:03] app.INFO: Running installation with profile CMS Demo {"profile":"CMS Demo"} []
[2018-02-07 16:43:04] app.INFO: Copying /var/www/pimcore/install-profiles/demo-basic/app/Resources/views to /var/www/pimcore/app/Resources/views {"source":"/var/www/pimcore/install-profiles/demo-basic/app/Resources/views","target":"/var/www/pimcore/app/Resources/views"} []
[2018-02-07 16:43:04] app.INFO: Copying /var/www/pimcore/install-profiles/demo-basic/src/AppBundle to /var/www/pimcore/src/AppBundle {"source":"/var/www/pimcore/install-profiles/demo-basic/src/AppBundle","target":"/var/www/pimcore/src/AppBundle"} []
[2018-02-07 16:43:04] app.WARNING: Removing existing file /var/www/pimcore/var/classes {"file":"/var/www/pimcore/var/classes"} []
[2018-02-07 16:43:04] app.INFO: Copying /var/www/pimcore/install-profiles/demo-basic/var/classes to /var/www/pimcore/var/classes {"source":"/var/www/pimcore/install-profiles/demo-basic/var/classes","target":"/var/www/pimcore/var/classes"} []
[2018-02-07 16:43:04] app.INFO: Copying /var/www/pimcore/install-profiles/demo-basic/var/config/document-types.php to /var/www/pimcore/var/config/document-types.php {"source":"/var/www/pimcore/install-profiles/demo-basic/var/config/document-types.php","target":"/var/www/pimcore/var/config/document-types.php"} []
[2018-02-07 16:43:04] app.INFO: Copying /var/www/pimcore/install-profiles/demo-basic/var/config/extensions.php to /var/www/pimcore/var/config/extensions.php {"source":"/var/www/pimcore/install-profiles/demo-basic/var/config/extensions.php","target":"/var/www/pimcore/var/config/extensions.php"} []
[2018-02-07 16:43:04] app.INFO: Copying /var/www/pimcore/install-profiles/demo-basic/var/config/image-thumbnails.php to /var/www/pimcore/var/config/image-thumbnails.php {"source":"/var/www/pimcore/install-profiles/demo-basic/var/config/image-thumbnails.php","target":"/var/www/pimcore/var/config/image-thumbnails.php"} []
[2018-02-07 16:43:04] app.INFO: Copying /var/www/pimcore/install-profiles/demo-basic/var/config/predefined-properties.php to /var/www/pimcore/var/config/predefined-properties.php {"source":"/var/www/pimcore/install-profiles/demo-basic/var/config/predefined-properties.php","target":"/var/www/pimcore/var/config/predefined-properties.php"} []
[2018-02-07 16:43:04] app.INFO: Copying /var/www/pimcore/install-profiles/demo-basic/var/config/qrcode.php to /var/www/pimcore/var/config/qrcode.php {"source":"/var/www/pimcore/install-profiles/demo-basic/var/config/qrcode.php","target":"/var/www/pimcore/var/config/qrcode.php"} []
[2018-02-07 16:43:04] app.INFO: Copying /var/www/pimcore/install-profiles/demo-basic/var/config/reports.php to /var/www/pimcore/var/config/reports.php {"source":"/var/www/pimcore/install-profiles/demo-basic/var/config/reports.php","target":"/var/www/pimcore/var/config/reports.php"} []
[2018-02-07 16:43:04] app.INFO: Copying /var/www/pimcore/install-profiles/demo-basic/var/config/staticroutes.php to /var/www/pimcore/var/config/staticroutes.php {"source":"/var/www/pimcore/install-profiles/demo-basic/var/config/staticroutes.php","target":"/var/www/pimcore/var/config/staticroutes.php"} []
[2018-02-07 16:43:04] app.INFO: Copying /var/www/pimcore/install-profiles/demo-basic/var/config/system.template.php to /var/www/pimcore/var/config/system.template.php {"source":"/var/www/pimcore/install-profiles/demo-basic/var/config/system.template.php","target":"/var/www/pimcore/var/config/system.template.php"} []
[2018-02-07 16:43:04] app.INFO: Copying /var/www/pimcore/install-profiles/demo-basic/var/config/tag-manager.php to /var/www/pimcore/var/config/tag-manager.php {"source":"/var/www/pimcore/install-profiles/demo-basic/var/config/tag-manager.php","target":"/var/www/pimcore/var/config/tag-manager.php"} []
[2018-02-07 16:43:04] app.INFO: Copying /var/www/pimcore/install-profiles/demo-basic/var/config/video-thumbnails.php to /var/www/pimcore/var/config/video-thumbnails.php {"source":"/var/www/pimcore/install-profiles/demo-basic/var/config/video-thumbnails.php","target":"/var/www/pimcore/var/config/video-thumbnails.php"} []
[2018-02-07 16:43:04] app.INFO: Copying /var/www/pimcore/install-profiles/demo-basic/web/static to /var/www/pimcore/web/static {"source":"/var/www/pimcore/install-profiles/demo-basic/web/static","target":"/var/www/pimcore/web/static"} []
[2018-02-07 16:43:04] app.WARNING: Removing existing file /var/www/pimcore/web/var/assets {"file":"/var/www/pimcore/web/var/assets"} []
[2018-02-07 16:43:04] app.INFO: Copying /var/www/pimcore/install-profiles/demo-basic/web/var/assets to /var/www/pimcore/web/var/assets {"source":"/var/www/pimcore/install-profiles/demo-basic/web/var/assets","target":"/var/www/pimcore/web/var/assets"} []
[2018-02-07 16:43:22] php.DEBUG: Warning: include(/var/www/pimcore/var/cache/dev/appDevDebugProjectContainer.php): failed to open stream: No such file or directory {"exception":"[object] (Symfony\\Component\\Debug\\Exception\\SilencedErrorContext: {\"severity\":2,\"file\":\"/var/www/pimcore/vendor/symfony/symfony/src/Symfony/Component/HttpKernel/Kernel.php\",\"line\":656,\"trace\":[{\"file\":\"/var/www/pimcore/vendor/symfony/symfony/src/Symfony/Component/HttpKernel/Kernel.php\",\"line\":656,\"function\":\"include\"},{\"file\":\"/var/www/pimcore/pimcore/lib/Pimcore/Kernel.php\",\"line\":168,\"function\":\"initializeContainer\",\"class\":\"Symfony\\\\Component\\\\HttpKernel\\\\Kernel\",\"type\":\"->\"}],\"count\":1})"} []
[2018-02-07 16:43:22] php.DEBUG: Warning: include(): Failed opening '/var/www/pimcore/var/cache/dev/appDevDebugProjectContainer.php' for inclusion (include_path='/var/www/pimcore/vendor/pear/net_url2:.:/usr/share/pear:/usr/share/php') [] []
[2018-02-07 16:43:22] php.DEBUG: Warning: unlink(/var/www/pimcore/var/cache/dev/ContainerLzoujyx.legacy): No such file or directory {"exception":"[object] (Symfony\\Component\\Debug\\Exception\\SilencedErrorContext: {\"severity\":2,\"file\":\"/var/www/pimcore/vendor/symfony/symfony/src/Symfony/Component/HttpKernel/Kernel.php\",\"line\":865,\"trace\":[{\"file\":\"/var/www/pimcore/vendor/symfony/symfony/src/Symfony/Component/HttpKernel/Kernel.php\",\"line\":665,\"function\":\"dumpContainer\",\"class\":\"Symfony\\\\Component\\\\HttpKernel\\\\Kernel\",\"type\":\"->\"}],\"count\":1})"} []
[2018-02-07 16:43:30] app.INFO: Importing DB file /var/www/pimcore/install-profiles/demo-basic/dump/data.sql {"dbFile":"/var/www/pimcore/install-profiles/demo-basic/dump/data.sql"} []
[2018-02-07 16:43:47] app.INFO: Running assets:install command {"command":"assets:install"} []
